
Namespace(batch_size=32, bb_path=None, classifier_weight=1, device='cpu', dropout=0.1, epochs=2, from_scratch=False, grad_accum=1, gt_cond=None, load_pretrained=None, load_trained=None, lr=2e-05, max_seq_length=20, mce_loss=False, model='uniter', multiGPU=False, num_workers=0, optim='bert', optimizer='bert', output='experiments/esnlive_run1/train', prob_eval=1, save_steps=5000, seed=9595, task='esnlive', temperature=2, test=None, tqdm=True, train='data/esnlive/esnlive_train.json', train_type='all', type_vocab_size=2, valid='data/esnlive/esnlive_dev.json', warmup_steps=50)

tensorboard dev upload --logdir C:\Users\Utilizador\IST\tese_MECD\implementation\e-ViL\experiments/esnlive_run1/train --name ug-tt_all-bs32-lr2e-05-t2
 Device: 0
 Process ID: 13500
Namespace(batch_size=32, bb_path=None, classifier_weight=1, device='cpu', dropout=0.1, epochs=2, from_scratch=False, grad_accum=1, gt_cond=None, load_pretrained=None, load_trained=None, lr=2e-05, max_seq_length=20, mce_loss=False, model='uniter', multiGPU=False, num_workers=0, optim='bert', optimizer='bert', output='experiments/esnlive_run1/train', prob_eval=1, save_steps=5000, seed=9595, task='esnlive', temperature=2, test=None, tqdm=True, train='data/esnlive/esnlive_train.json', train_type='all', type_vocab_size=2, valid='data/esnlive/esnlive_dev.json', warmup_steps=50)

tensorboard dev upload --logdir C:\Users\Utilizador\IST\tese_MECD\implementation\e-ViL\experiments/esnlive_run1/train --name ug-tt_all-bs32-lr2e-05-t2
 Device: 0
 Process ID: 13500
2022-02-28 01:05:16 || Loaded train set of size 401717 and val set of size 14339.
2022-02-28 01:05:29 || Model loaded. Batch size 32 | lr 2e-05 | task: esnlive | type: all.
Namespace(batch_size=32, bb_path=None, classifier_weight=1, device='cpu', dropout=0.1, epochs=2, from_scratch=False, grad_accum=1, gt_cond=None, load_pretrained=None, load_trained=None, lr=2e-05, max_seq_length=20, mce_loss=False, model='uniter', multiGPU=False, num_workers=0, optim='bert', optimizer='bert', output='experiments/esnlive_run1/train', prob_eval=1, save_steps=5000, seed=9595, task='esnlive', temperature=2, test=None, tqdm=True, train='data/esnlive/esnlive_train.json', train_type='all', type_vocab_size=2, valid='data/esnlive/esnlive_dev.json', warmup_steps=50)

tensorboard dev upload --logdir C:\Users\Utilizador\IST\tese_MECD\implementation\e-ViL\experiments/esnlive_run1/train --name ug-tt_all-bs32-lr2e-05-t2
 Device: 0
 Process ID: 2008
2022-02-28 01:33:56 || Loaded train set of size 401717 and val set of size 14339.
2022-02-28 01:34:10 || Model loaded. Batch size 32 | lr 2e-05 | task: esnlive | type: all.
Namespace(batch_size=32, bb_path=None, classifier_weight=1, device='cpu', dropout=0.1, epochs=2, from_scratch=False, grad_accum=1, gt_cond=None, load_pretrained=None, load_trained=None, lr=2e-05, max_seq_length=20, mce_loss=False, model='uniter', multiGPU=False, num_workers=0, optim='bert', optimizer='bert', output='experiments/esnlive_run1/train', prob_eval=1, save_steps=5000, seed=9595, task='esnlive', temperature=2, test=None, tqdm=True, train='data/esnlive/esnlive_train.json', train_type='all', type_vocab_size=2, valid='data/esnlive/esnlive_dev.json', warmup_steps=50)

tensorboard dev upload --logdir C:\Users\Utilizador\IST\tese_MECD\implementation\e-ViL\experiments/esnlive_run1/train --name ug-tt_all-bs32-lr2e-05-t2
 Device: 0
 Process ID: 2008
2022-02-28 01:34:27 || Loaded train set of size 401717 and val set of size 14339.
2022-02-28 01:34:42 || Model loaded. Batch size 32 | lr 2e-05 | task: esnlive | type: all.
Namespace(batch_size=32, bb_path=None, classifier_weight=1, device='cpu', dropout=0.1, epochs=2, from_scratch=False, grad_accum=1, gt_cond=None, load_pretrained=None, load_trained=None, lr=2e-05, max_seq_length=20, mce_loss=False, model='uniter', multiGPU=False, num_workers=0, optim='bert', optimizer='bert', output='experiments/esnlive_run1/train', prob_eval=1, save_steps=5000, seed=9595, task='esnlive', temperature=2, test=None, tqdm=True, train='data/esnlive/esnlive_train.json', train_type='all', type_vocab_size=2, valid='data/esnlive/esnlive_dev.json', warmup_steps=50)

tensorboard dev upload --logdir C:\Users\Utilizador\IST\tese_MECD\implementation\e-ViL\experiments/esnlive_run1/train --name ug-tt_all-bs32-lr2e-05-t2
 Device: 0
 Process ID: 2008
2022-02-28 01:36:33 || Loaded train set of size 401717 and val set of size 14339.
2022-02-28 01:36:47 || Model loaded. Batch size 32 | lr 2e-05 | task: esnlive | type: all.
Namespace(batch_size=32, bb_path=None, classifier_weight=1, device='cpu', dropout=0.1, epochs=2, from_scratch=False, grad_accum=1, gt_cond=None, load_pretrained=None, load_trained=None, lr=2e-05, max_seq_length=20, mce_loss=False, model='uniter', multiGPU=False, num_workers=0, optim='bert', optimizer='bert', output='experiments/esnlive_run1/train', prob_eval=1, save_steps=5000, seed=9595, task='esnlive', temperature=2, test=None, tqdm=True, train='data/esnlive/esnlive_train.json', train_type='all', type_vocab_size=2, valid='data/esnlive/esnlive_dev.json', warmup_steps=50)

tensorboard dev upload --logdir C:\Users\Utilizador\IST\tese_MECD\implementation\e-ViL\experiments/esnlive_run1/train --name ug-tt_all-bs32-lr2e-05-t2
 Device: 0
 Process ID: 2008
2022-02-28 01:42:07 || Loaded train set of size 401717 and val set of size 14339.
2022-02-28 01:42:21 || Model loaded. Batch size 32 | lr 2e-05 | task: esnlive | type: all.
Namespace(batch_size=32, bb_path=None, classifier_weight=1, device='cpu', dropout=0.1, epochs=2, from_scratch=False, grad_accum=1, gt_cond=None, load_pretrained=None, load_trained=None, lr=2e-05, max_seq_length=20, mce_loss=False, model='uniter', multiGPU=False, num_workers=0, optim='bert', optimizer='bert', output='experiments/esnlive_run1/train', prob_eval=1, save_steps=5000, seed=9595, task='esnlive', temperature=2, test=None, tqdm=True, train='data/esnlive/esnlive_train.json', train_type='all', type_vocab_size=2, valid='data/esnlive/esnlive_dev.json', warmup_steps=50)

tensorboard dev upload --logdir C:\Users\Utilizador\IST\tese_MECD\implementation\e-ViL\experiments/esnlive_run1/train --name ug-tt_all-bs32-lr2e-05-t2
 Device: 0
 Process ID: 2008
2022-02-28 01:42:56 || Loaded train set of size 401717 and val set of size 14339.
2022-02-28 01:43:10 || Model loaded. Batch size 32 | lr 2e-05 | task: esnlive | type: all.
Namespace(batch_size=32, bb_path=None, classifier_weight=1, device='cpu', dropout=0.1, epochs=2, from_scratch=False, grad_accum=1, gt_cond=None, load_pretrained=None, load_trained=None, lr=2e-05, max_seq_length=20, mce_loss=False, model='uniter', multiGPU=False, num_workers=0, optim='bert', optimizer='bert', output='experiments/esnlive_run1/train', prob_eval=1, save_steps=5000, seed=9595, task='esnlive', temperature=2, test=None, tqdm=True, train='data/esnlive/esnlive_train.json', train_type='all', type_vocab_size=2, valid='data/esnlive/esnlive_dev.json', warmup_steps=50)

tensorboard dev upload --logdir C:\Users\Utilizador\IST\tese_MECD\implementation\e-ViL\experiments/esnlive_run1/train --name ug-tt_all-bs32-lr2e-05-t2
 Device: 0
 Process ID: 2008
2022-02-28 01:44:00 || Loaded train set of size 401717 and val set of size 14339.
2022-02-28 01:44:14 || Model loaded. Batch size 32 | lr 2e-05 | task: esnlive | type: all.
Namespace(batch_size=32, bb_path=None, classifier_weight=1, device='cpu', dropout=0.1, epochs=2, from_scratch=False, grad_accum=1, gt_cond=None, load_pretrained=None, load_trained=None, lr=2e-05, max_seq_length=20, mce_loss=False, model='uniter', multiGPU=False, num_workers=0, optim='bert', optimizer='bert', output='experiments/esnlive_run1/train', prob_eval=1, save_steps=5000, seed=9595, task='esnlive', temperature=2, test=None, tqdm=True, train='data/esnlive/esnlive_train.json', train_type='all', type_vocab_size=2, valid='data/esnlive/esnlive_dev.json', warmup_steps=50)

tensorboard dev upload --logdir C:\Users\Utilizador\IST\tese_MECD\implementation\e-ViL\experiments/esnlive_run1/train --name ug-tt_all-bs32-lr2e-05-t2
 Device: 0
 Process ID: 2008
2022-02-28 01:44:36 || Loaded train set of size 401717 and val set of size 14339.
2022-02-28 01:44:50 || Model loaded. Batch size 32 | lr 2e-05 | task: esnlive | type: all.
Namespace(batch_size=32, bb_path=None, classifier_weight=1, device='cpu', dropout=0.1, epochs=2, from_scratch=False, grad_accum=1, gt_cond=None, load_pretrained=None, load_trained=None, lr=2e-05, max_seq_length=20, mce_loss=False, model='uniter', multiGPU=False, num_workers=0, optim='bert', optimizer='bert', output='experiments/esnlive_run1/train', prob_eval=1, save_steps=5000, seed=9595, task='esnlive', temperature=2, test=None, tqdm=True, train='data/esnlive/esnlive_train.json', train_type='all', type_vocab_size=2, valid='data/esnlive/esnlive_dev.json', warmup_steps=50)

tensorboard dev upload --logdir C:\Users\Utilizador\IST\tese_MECD\implementation\e-ViL\experiments/esnlive_run1/train --name ug-tt_all-bs32-lr2e-05-t2
 Device: 0
 Process ID: 2008
2022-02-28 01:46:33 || Loaded train set of size 401717 and val set of size 14339.
2022-02-28 01:46:46 || Model loaded. Batch size 32 | lr 2e-05 | task: esnlive | type: all.
Namespace(batch_size=32, bb_path=None, classifier_weight=1, device='cpu', dropout=0.1, epochs=2, from_scratch=False, grad_accum=1, gt_cond=None, load_pretrained=None, load_trained=None, lr=2e-05, max_seq_length=20, mce_loss=False, model='uniter', multiGPU=False, num_workers=0, optim='bert', optimizer='bert', output='experiments/esnlive_run1/train', prob_eval=1, save_steps=5000, seed=9595, task='esnlive', temperature=2, test=None, tqdm=True, train='data/esnlive/esnlive_train.json', train_type='all', type_vocab_size=2, valid='data/esnlive/esnlive_dev.json', warmup_steps=50)

tensorboard dev upload --logdir C:\Users\Utilizador\IST\tese_MECD\implementation\e-ViL\experiments/esnlive_run1/train --name ug-tt_all-bs32-lr2e-05-t2
 Device: 0
 Process ID: 2008
2022-02-28 01:48:03 || Loaded train set of size 401717 and val set of size 14339.
2022-02-28 01:48:17 || Model loaded. Batch size 32 | lr 2e-05 | task: esnlive | type: all.
Namespace(batch_size=32, bb_path=None, classifier_weight=1, device='cpu', dropout=0.1, epochs=2, from_scratch=False, grad_accum=1, gt_cond=None, load_pretrained=None, load_trained=None, lr=2e-05, max_seq_length=20, mce_loss=False, model='uniter', multiGPU=False, num_workers=0, optim='bert', optimizer='bert', output='experiments/esnlive_run1/train', prob_eval=1, save_steps=5000, seed=9595, task='esnlive', temperature=2, test=None, tqdm=True, train='data/esnlive/esnlive_train.json', train_type='all', type_vocab_size=2, valid='data/esnlive/esnlive_dev.json', warmup_steps=50)

tensorboard dev upload --logdir C:\Users\Utilizador\IST\tese_MECD\implementation\e-ViL\experiments/esnlive_run1/train --name ug-tt_all-bs32-lr2e-05-t2
 Device: 0
 Process ID: 2008
2022-02-28 01:48:50 || Loaded train set of size 401717 and val set of size 14339.
2022-02-28 01:49:04 || Model loaded. Batch size 32 | lr 2e-05 | task: esnlive | type: all.
Namespace(batch_size=32, bb_path=None, classifier_weight=1, device='cpu', dropout=0.1, epochs=2, from_scratch=False, grad_accum=1, gt_cond=None, load_pretrained=None, load_trained=None, lr=2e-05, max_seq_length=20, mce_loss=False, model='uniter', multiGPU=False, num_workers=0, optim='bert', optimizer='bert', output='experiments/esnlive_run1/train', prob_eval=1, save_steps=5000, seed=9595, task='esnlive', temperature=2, test=None, tqdm=True, train='data/esnlive/esnlive_train.json', train_type='all', type_vocab_size=2, valid='data/esnlive/esnlive_dev.json', warmup_steps=50)

tensorboard dev upload --logdir C:\Users\Utilizador\IST\tese_MECD\implementation\e-ViL\experiments/esnlive_run1/train --name ug-tt_all-bs32-lr2e-05-t2
 Device: 0
 Process ID: 8384
2022-02-28 02:06:57 || Loaded train set of size 401717 and val set of size 14339.
2022-02-28 02:07:13 || Model loaded. Batch size 32 | lr 2e-05 | task: esnlive | type: all.
Namespace(batch_size=32, bb_path=None, classifier_weight=1, device='cpu', dropout=0.1, epochs=2, from_scratch=False, grad_accum=1, gt_cond=None, load_pretrained=None, load_trained=None, lr=2e-05, max_seq_length=20, mce_loss=False, model='uniter', multiGPU=False, num_workers=0, optim='bert', optimizer='bert', output='experiments/esnlive_run1/train', prob_eval=1, save_steps=5000, seed=9595, task='esnlive', temperature=2, test=None, tqdm=True, train='data/esnlive/esnlive_train.json', train_type='all', type_vocab_size=2, valid='data/esnlive/esnlive_dev.json', warmup_steps=50)

tensorboard dev upload --logdir C:\Users\Utilizador\IST\tese_MECD\implementation\e-ViL\experiments/esnlive_run1/train --name ug-tt_all-bs32-lr2e-05-t2
 Device: 0
 Process ID: 8384
2022-02-28 02:08:59 || Loaded train set of size 401717 and val set of size 14339.
2022-02-28 02:09:19 || Model loaded. Batch size 32 | lr 2e-05 | task: esnlive | type: all.
Namespace(batch_size=32, bb_path=None, classifier_weight=1, device='cpu', dropout=0.1, epochs=2, from_scratch=False, grad_accum=1, gt_cond=None, load_pretrained=None, load_trained=None, lr=2e-05, max_seq_length=20, mce_loss=False, model='uniter', multiGPU=False, num_workers=0, optim='bert', optimizer='bert', output='experiments/esnlive_run1/train', prob_eval=1, save_steps=5000, seed=9595, task='esnlive', temperature=2, test=None, tqdm=True, train='data/esnlive/esnlive_train.json', train_type='all', type_vocab_size=2, valid='data/esnlive/esnlive_dev.json', warmup_steps=50)

tensorboard dev upload --logdir C:\Users\Utilizador\IST\tese_MECD\implementation\e-ViL\experiments/esnlive_run1/train --name ug-tt_all-bs32-lr2e-05-t2
 Device: 0
 Process ID: 8384
2022-02-28 02:10:49 || Loaded train set of size 401717 and val set of size 14339.
2022-02-28 02:11:10 || Model loaded. Batch size 32 | lr 2e-05 | task: esnlive | type: all.
Namespace(batch_size=32, bb_path=None, classifier_weight=1, device='cpu', dropout=0.1, epochs=2, from_scratch=False, grad_accum=1, gt_cond=None, load_pretrained=None, load_trained=None, lr=2e-05, max_seq_length=20, mce_loss=False, model='uniter', multiGPU=False, num_workers=0, optim='bert', optimizer='bert', output='experiments/esnlive_run1/train', prob_eval=1, save_steps=5000, seed=9595, task='esnlive', temperature=2, test=None, tqdm=True, train='data/esnlive/esnlive_train.json', train_type='all', type_vocab_size=2, valid='data/esnlive/esnlive_dev.json', warmup_steps=50)

tensorboard dev upload --logdir C:\Users\Utilizador\IST\tese_MECD\implementation\e-ViL\experiments/esnlive_run1/train --name ug-tt_all-bs32-lr2e-05-t2
 Device: 0
 Process ID: 8384
2022-02-28 02:12:51 || Loaded train set of size 401717 and val set of size 14339.
2022-02-28 02:13:05 || Model loaded. Batch size 32 | lr 2e-05 | task: esnlive | type: all.
Namespace(batch_size=32, bb_path=None, classifier_weight=1, device='cpu', dropout=0.1, epochs=2, from_scratch=False, grad_accum=1, gt_cond=None, load_pretrained=None, load_trained=None, lr=2e-05, max_seq_length=20, mce_loss=False, model='uniter', multiGPU=False, num_workers=0, optim='bert', optimizer='bert', output='experiments/esnlive_run1/train', prob_eval=1, save_steps=5000, seed=9595, task='esnlive', temperature=2, test=None, tqdm=True, train='data/esnlive/esnlive_train.json', train_type='all', type_vocab_size=2, valid='data/esnlive/esnlive_dev.json', warmup_steps=50)

tensorboard dev upload --logdir C:\Users\Utilizador\IST\tese_MECD\implementation\e-ViL\experiments/esnlive_run1/train --name ug-tt_all-bs32-lr2e-05-t2
 Device: 0
 Process ID: 11220
2022-02-28 02:22:48 || Loaded train set of size 401717 and val set of size 14339.
2022-02-28 02:23:05 || Model loaded. Batch size 32 | lr 2e-05 | task: esnlive | type: all.
Namespace(batch_size=32, bb_path=None, classifier_weight=1, device='cpu', dropout=0.1, epochs=2, from_scratch=False, grad_accum=1, gt_cond=None, load_pretrained=None, load_trained=None, lr=2e-05, max_seq_length=20, mce_loss=False, model='uniter', multiGPU=False, num_workers=0, optim='bert', optimizer='bert', output='experiments/esnlive_run1/train', prob_eval=1, save_steps=5000, seed=9595, task='esnlive', temperature=2, test=None, tqdm=True, train='data/esnlive/esnlive_train.json', train_type='all', type_vocab_size=2, valid='data/esnlive/esnlive_dev.json', warmup_steps=50)

tensorboard dev upload --logdir C:\Users\Utilizador\IST\tese_MECD\implementation\e-ViL\experiments/esnlive_run1/train --name ug-tt_all-bs32-lr2e-05-t2
 Device: 0
 Process ID: 11220
2022-02-28 02:26:37 || Loaded train set of size 401717 and val set of size 14339.
2022-02-28 02:26:52 || Model loaded. Batch size 32 | lr 2e-05 | task: esnlive | type: all.
Namespace(batch_size=32, bb_path=None, classifier_weight=1, device='cpu', dropout=0.1, epochs=2, from_scratch=False, grad_accum=1, gt_cond=None, load_pretrained=None, load_trained=None, lr=2e-05, max_seq_length=20, mce_loss=False, model='uniter', multiGPU=False, num_workers=0, optim='bert', optimizer='bert', output='experiments/esnlive_run1/train', prob_eval=1, save_steps=5000, seed=9595, task='esnlive', temperature=2, test=None, tqdm=True, train='data/esnlive/esnlive_train.json', train_type='all', type_vocab_size=2, valid='data/esnlive/esnlive_dev.json', warmup_steps=50)

tensorboard dev upload --logdir C:\Users\Utilizador\IST\tese_MECD\implementation\e-ViL\experiments/esnlive_run1/train --name ug-tt_all-bs32-lr2e-05-t2
 Device: 0
 Process ID: 11220
2022-02-28 02:29:40 || Loaded train set of size 401717 and val set of size 14339.
2022-02-28 02:29:55 || Model loaded. Batch size 32 | lr 2e-05 | task: esnlive | type: all.
Namespace(batch_size=32, bb_path=None, classifier_weight=1, device='cpu', dropout=0.1, epochs=2, from_scratch=False, grad_accum=1, gt_cond=None, load_pretrained=None, load_trained=None, lr=2e-05, max_seq_length=20, mce_loss=False, model='uniter', multiGPU=False, num_workers=0, optim='bert', optimizer='bert', output='experiments/esnlive_run1/train', prob_eval=1, save_steps=5000, seed=9595, task='esnlive', temperature=2, test=None, tqdm=True, train='data/esnlive/esnlive_train.json', train_type='all', type_vocab_size=2, valid='data/esnlive/esnlive_dev.json', warmup_steps=50)

tensorboard dev upload --logdir C:\Users\Utilizador\IST\tese_MECD\implementation\e-ViL\experiments/esnlive_run1/train --name ug-tt_all-bs32-lr2e-05-t2
 Device: 0
 Process ID: 11220
2022-02-28 02:32:19 || Loaded train set of size 401717 and val set of size 14339.
2022-02-28 02:32:33 || Model loaded. Batch size 32 | lr 2e-05 | task: esnlive | type: all.
Namespace(batch_size=32, bb_path=None, classifier_weight=1, device='cpu', dropout=0.1, epochs=2, from_scratch=False, grad_accum=1, gt_cond=None, load_pretrained=None, load_trained=None, lr=2e-05, max_seq_length=20, mce_loss=False, model='uniter', multiGPU=False, num_workers=0, optim='bert', optimizer='bert', output='experiments/esnlive_run1/train', prob_eval=1, save_steps=5000, seed=9595, task='esnlive', temperature=2, test=None, tqdm=True, train='data/esnlive/esnlive_train.json', train_type='all', type_vocab_size=2, valid='data/esnlive/esnlive_dev.json', warmup_steps=50)

tensorboard dev upload --logdir C:\Users\Utilizador\IST\tese_MECD\implementation\e-ViL\experiments/esnlive_run1/train --name ug-tt_all-bs32-lr2e-05-t2
 Device: 0
 Process ID: 11220
Namespace(batch_size=32, bb_path=None, classifier_weight=1, device='cpu', dropout=0.1, epochs=2, from_scratch=False, grad_accum=1, gt_cond=None, load_pretrained=None, load_trained=None, lr=2e-05, max_seq_length=20, mce_loss=False, model='uniter', multiGPU=False, num_workers=0, optim='bert', optimizer='bert', output='experiments/esnlive_run1/train', prob_eval=1, save_steps=5000, seed=9595, task='esnlive', temperature=2, test=None, tqdm=True, train='data/esnlive/esnlive_train.json', train_type='all', type_vocab_size=2, valid='data/esnlive/esnlive_dev.json', warmup_steps=50)

tensorboard dev upload --logdir C:\Users\Utilizador\IST\tese_MECD\implementation\e-ViL\experiments/esnlive_run1/train --name ug-tt_all-bs32-lr2e-05-t2
 Device: 0
 Process ID: 11220
2022-02-28 02:33:13 || Loaded train set of size 401717 and val set of size 14339.
2022-02-28 02:33:28 || Model loaded. Batch size 32 | lr 2e-05 | task: esnlive | type: all.
Namespace(batch_size=32, bb_path=None, classifier_weight=1, device='cpu', dropout=0.1, epochs=2, from_scratch=False, grad_accum=1, gt_cond=None, load_pretrained=None, load_trained=None, lr=2e-05, max_seq_length=20, mce_loss=False, model='uniter', multiGPU=False, num_workers=0, optim='bert', optimizer='bert', output='experiments/esnlive_run1/train', prob_eval=1, save_steps=5000, seed=9595, task='esnlive', temperature=2, test=None, tqdm=True, train='data/esnlive/esnlive_train.json', train_type='all', type_vocab_size=2, valid='data/esnlive/esnlive_dev.json', warmup_steps=50)

tensorboard dev upload --logdir C:\Users\Utilizador\IST\tese_MECD\implementation\e-ViL\experiments/esnlive_run1/train --name ug-tt_all-bs32-lr2e-05-t2
 Device: 0
 Process ID: 11220
2022-02-28 02:35:14 || Loaded train set of size 401717 and val set of size 14339.
2022-02-28 02:35:29 || Model loaded. Batch size 32 | lr 2e-05 | task: esnlive | type: all.
Namespace(batch_size=32, bb_path=None, classifier_weight=1, device='cpu', dropout=0.1, epochs=2, from_scratch=False, grad_accum=1, gt_cond=None, load_pretrained=None, load_trained=None, lr=2e-05, max_seq_length=20, mce_loss=False, model='uniter', multiGPU=False, num_workers=0, optim='bert', optimizer='bert', output='experiments/esnlive_run1/train', prob_eval=1, save_steps=5000, seed=9595, task='esnlive', temperature=2, test=None, tqdm=True, train='data/esnlive/esnlive_train.json', train_type='all', type_vocab_size=2, valid='data/esnlive/esnlive_dev.json', warmup_steps=50)

tensorboard dev upload --logdir C:\Users\Utilizador\IST\tese_MECD\implementation\e-ViL\experiments/esnlive_run1/train --name ug-tt_all-bs32-lr2e-05-t2
 Device: 0
 Process ID: 11220
2022-02-28 02:38:07 || Loaded train set of size 401717 and val set of size 14339.
2022-02-28 02:38:22 || Model loaded. Batch size 32 | lr 2e-05 | task: esnlive | type: all.
Namespace(batch_size=32, bb_path=None, classifier_weight=1, device='cpu', dropout=0.1, epochs=2, from_scratch=False, grad_accum=1, gt_cond=None, load_pretrained=None, load_trained=None, lr=2e-05, max_seq_length=20, mce_loss=False, model='uniter', multiGPU=False, num_workers=0, optim='bert', optimizer='bert', output='experiments/esnlive_run1/train', prob_eval=1, save_steps=5000, seed=9595, task='esnlive', temperature=2, test=None, tqdm=True, train='data/esnlive/esnlive_train.json', train_type='all', type_vocab_size=2, valid='data/esnlive/esnlive_dev.json', warmup_steps=50)

tensorboard dev upload --logdir C:\Users\Utilizador\IST\tese_MECD\implementation\e-ViL\experiments/esnlive_run1/train --name ug-tt_all-bs32-lr2e-05-t2
 Device: 0
 Process ID: 11220
2022-02-28 02:40:01 || Loaded train set of size 401717 and val set of size 14339.
2022-02-28 02:40:16 || Model loaded. Batch size 32 | lr 2e-05 | task: esnlive | type: all.